{
  "RSpec": {
    "coverage": {
      "/home/ademar/rails-nextjs-paypal-demo/subscription-api/app/helpers/application_helper.rb": {
        "lines": [
          1,
          null
        ]
      },
      "/home/ademar/rails-nextjs-paypal-demo/subscription-api/app/controllers/api/company_subscriptions_controller.rb": {
        "lines": [
          1,
          1,
          1,
          null,
          4,
          null,
          null,
          null,
          null,
          null,
          4,
          null,
          null,
          2,
          null,
          null,
          null,
          null
        ]
      },
      "/home/ademar/rails-nextjs-paypal-demo/subscription-api/app/controllers/api/application_controller.rb": {
        "lines": [
          1,
          1,
          1,
          1,
          1,
          null,
          1,
          null,
          1,
          0,
          null,
          null,
          1,
          0,
          null,
          null,
          1,
          2,
          null,
          null
        ]
      },
      "/home/ademar/rails-nextjs-paypal-demo/subscription-api/app/controllers/api/health_controller.rb": {
        "lines": [
          1,
          1,
          1,
          4,
          null,
          null
        ]
      },
      "/home/ademar/rails-nextjs-paypal-demo/subscription-api/app/controllers/api/payments_controller.rb": {
        "lines": [
          1,
          1,
          1,
          5,
          null,
          5,
          null,
          null,
          null,
          null,
          null
        ]
      },
      "/home/ademar/rails-nextjs-paypal-demo/subscription-api/app/models/payment.rb": {
        "lines": [
          1,
          1,
          null,
          1,
          1,
          null,
          null,
          1,
          null,
          1,
          null,
          null,
          1,
          null,
          null,
          null,
          1,
          4,
          null,
          null,
          null,
          1,
          2,
          null,
          null
        ]
      },
      "/home/ademar/rails-nextjs-paypal-demo/subscription-api/app/models/application_record.rb": {
        "lines": [
          1,
          1,
          null
        ]
      },
      "/home/ademar/rails-nextjs-paypal-demo/subscription-api/app/models/subscription.rb": {
        "lines": [
          1,
          1,
          null,
          1,
          1,
          1,
          1,
          1,
          1,
          null,
          1,
          1,
          null,
          1,
          null,
          1,
          23,
          null,
          null,
          1,
          23,
          null
        ]
      },
      "/home/ademar/rails-nextjs-paypal-demo/subscription-api/app/jobs/sync_paypal_subscription_details_job.rb": {
        "lines": [
          1,
          1,
          0,
          0,
          0,
          null,
          0,
          0,
          0,
          null,
          0,
          null,
          null,
          null,
          null,
          null,
          null,
          null,
          null,
          null,
          null,
          null,
          null,
          null,
          null,
          0,
          null,
          0,
          null
        ]
      },
      "/home/ademar/rails-nextjs-paypal-demo/subscription-api/app/jobs/paypal_job.rb": {
        "lines": [
          1,
          1,
          null,
          null,
          null,
          null,
          1
        ]
      },
      "/home/ademar/rails-nextjs-paypal-demo/subscription-api/app/jobs/application_job.rb": {
        "lines": [
          1,
          null,
          null,
          null,
          null,
          null,
          null
        ]
      },
      "/home/ademar/rails-nextjs-paypal-demo/subscription-api/app/jobs/sync_paypal_subscription_payments_job.rb": {
        "lines": [
          1,
          1,
          0,
          0,
          0,
          null,
          0,
          null,
          null,
          0,
          0,
          null,
          0,
          0,
          null,
          null,
          0,
          null,
          0,
          0,
          null,
          null,
          1,
          null,
          1,
          0,
          0,
          0,
          null,
          null,
          0,
          null,
          null,
          0,
          null,
          null,
          0,
          null,
          null,
          0,
          0,
          0,
          null,
          null,
          null,
          0,
          0,
          0,
          0,
          null,
          0,
          0,
          null,
          null,
          0,
          0,
          null,
          0,
          null,
          null,
          0,
          null,
          null,
          0,
          0,
          null,
          0,
          null,
          0,
          null,
          null,
          null,
          0,
          null,
          null,
          null,
          0,
          null,
          null,
          0,
          null,
          null,
          null,
          null,
          null,
          null,
          null,
          null,
          null,
          null,
          null,
          null,
          null,
          0,
          null,
          0,
          null,
          0,
          0,
          null,
          null
        ]
      },
      "/home/ademar/rails-nextjs-paypal-demo/subscription-api/app/controllers/api/receipts_controller.rb": {
        "lines": [
          0,
          0,
          0,
          0,
          null,
          0,
          null,
          0,
          0,
          0,
          0,
          0,
          null,
          0,
          0,
          0,
          0,
          0,
          0,
          0,
          0,
          0,
          0,
          null,
          0,
          0,
          0,
          0,
          null,
          0,
          0,
          null,
          0,
          null,
          0,
          0,
          0,
          0,
          0,
          null,
          0,
          0,
          0,
          0,
          0,
          null,
          0,
          0,
          0,
          0,
          0,
          0
        ],
        "branches": {}
      },
      "/home/ademar/rails-nextjs-paypal-demo/subscription-api/app/controllers/application_controller.rb": {
        "lines": [
          0,
          null,
          0,
          0
        ],
        "branches": {}
      },
      "/home/ademar/rails-nextjs-paypal-demo/subscription-api/app/jobs/generate_payment_receipt_job.rb": {
        "lines": [
          0,
          0,
          null,
          0,
          0,
          0,
          null,
          0,
          null,
          null,
          0,
          0,
          null,
          null,
          0,
          0,
          0,
          null,
          null,
          0,
          0,
          0,
          0,
          0,
          0,
          null,
          0,
          0,
          0,
          0,
          0,
          null,
          0,
          0,
          null,
          null,
          0,
          0
        ],
        "branches": {}
      },
      "/home/ademar/rails-nextjs-paypal-demo/subscription-api/app/mailers/application_mailer.rb": {
        "lines": [
          0,
          0,
          0,
          0
        ],
        "branches": {}
      },
      "/home/ademar/rails-nextjs-paypal-demo/subscription-api/app/services/payment_receipt_service.rb": {
        "lines": [
          0,
          0,
          null,
          0,
          0,
          0,
          0,
          null,
          0,
          0,
          null,
          null,
          null,
          null,
          null,
          0,
          0,
          null,
          null,
          0,
          0,
          null,
          0,
          null,
          null,
          0,
          0,
          0,
          0,
          0,
          0,
          0,
          0,
          null,
          null,
          0,
          0,
          0,
          0,
          0,
          0,
          null,
          null,
          0,
          null,
          null,
          0,
          0,
          null,
          0,
          0,
          0,
          null,
          0,
          0,
          0,
          0,
          0,
          0,
          null,
          0,
          0,
          0,
          null,
          0,
          0,
          null,
          null,
          0,
          0,
          null,
          null,
          0,
          0,
          null,
          0,
          null,
          0,
          0,
          0,
          0,
          null,
          0,
          0,
          0,
          0,
          0,
          0,
          0,
          0,
          0,
          0,
          0,
          0,
          0,
          0,
          0
        ],
        "branches": {}
      },
      "/home/ademar/rails-nextjs-paypal-demo/subscription-api/app/services/paypal_subscription_service.rb": {
        "lines": [
          0,
          null,
          null,
          0,
          0,
          0,
          0,
          null,
          0,
          0,
          null,
          0,
          0,
          0,
          0,
          0,
          0,
          0,
          0,
          0,
          0,
          0,
          null,
          0,
          0,
          0,
          0,
          null,
          0,
          0,
          0,
          null,
          0,
          0,
          null,
          0,
          0,
          0,
          0,
          0,
          0,
          null,
          0,
          0,
          0,
          0,
          null,
          0,
          0,
          0,
          null,
          0,
          null,
          0,
          0,
          0,
          0,
          null,
          0,
          0,
          0,
          0,
          0,
          0,
          0,
          0,
          0,
          null,
          0,
          0,
          0,
          0,
          0,
          0,
          null,
          0
        ],
        "branches": {}
      },
      "/home/ademar/rails-nextjs-paypal-demo/subscription-api/app/services/paypal_subscription_transaction_service.rb": {
        "lines": [
          0,
          null,
          null,
          0,
          null,
          0,
          0,
          0,
          null,
          0,
          null,
          0,
          0,
          null,
          0,
          null,
          0,
          0,
          0,
          0,
          0,
          0,
          0,
          0,
          0,
          0,
          0,
          0,
          0,
          null,
          0,
          0,
          0,
          0,
          null,
          0,
          0,
          0,
          0,
          0,
          0,
          0,
          null,
          0,
          null,
          0,
          0,
          0,
          null,
          0,
          0,
          0,
          null,
          0,
          null,
          0,
          0,
          0,
          0,
          0,
          0,
          0,
          0,
          0,
          null,
          0,
          0,
          0,
          0,
          0,
          0
        ],
        "branches": {}
      }
    },
    "timestamp": 1741048234
  }
}
